<?xml version="1.0" encoding="UTF-8"?>
<coverage generated="1659511152785" clover="3.2.0">
  <project timestamp="1659511152785" name="All files">
    <metrics statements="58" coveredstatements="58" conditionals="17" coveredconditionals="17" methods="7" coveredmethods="7" elements="82" coveredelements="82" complexity="0" loc="58" ncloc="58" packages="1" files="1" classes="1"/>
    <file name="Wardrobe.js" path="C:\Users\Patrick\DEV\2_JavaScript\2_dev_perso\38-kata-TDD\37-configure-your-own-wardrobe-kata\kata\Wardrobe.js">
      <metrics statements="58" coveredstatements="58" conditionals="17" coveredconditionals="17" methods="7" coveredmethods="7"/>
      <line num="1" count="1" type="stmt"/>
      <line num="2" count="1" type="cond" truecount="1" falsecount="0"/>
      <line num="3" count="1" type="stmt"/>
      <line num="4" count="1" type="stmt"/>
      <line num="5" count="1" type="stmt"/>
      <line num="6" count="1" type="cond" truecount="1" falsecount="0"/>
      <line num="7" count="1" type="stmt"/>
      <line num="8" count="1" type="stmt"/>
      <line num="9" count="1" type="cond" truecount="1" falsecount="0"/>
      <line num="10" count="2" type="stmt"/>
      <line num="11" count="2" type="stmt"/>
      <line num="12" count="2" type="stmt"/>
      <line num="13" count="2" type="stmt"/>
      <line num="14" count="1" type="cond" truecount="1" falsecount="0"/>
      <line num="15" count="1" type="stmt"/>
      <line num="16" count="1" type="stmt"/>
      <line num="17" count="1" type="cond" truecount="1" falsecount="0"/>
      <line num="18" count="5" type="cond" truecount="1" falsecount="0"/>
      <line num="19" count="30" type="cond" truecount="1" falsecount="0"/>
      <line num="20" count="180" type="cond" truecount="1" falsecount="0"/>
      <line num="21" count="1080" type="cond" truecount="1" falsecount="0"/>
      <line num="22" count="6480" type="stmt"/>
      <line num="23" count="6480" type="cond" truecount="1" falsecount="0"/>
      <line num="24" count="16200" type="stmt"/>
      <line num="25" count="16200" type="stmt"/>
      <line num="26" count="6480" type="cond" truecount="1" falsecount="0"/>
      <line num="27" count="16200" type="stmt"/>
      <line num="28" count="16200" type="stmt"/>
      <line num="29" count="6480" type="cond" truecount="1" falsecount="0"/>
      <line num="30" count="16200" type="stmt"/>
      <line num="31" count="16200" type="stmt"/>
      <line num="32" count="6480" type="cond" truecount="1" falsecount="0"/>
      <line num="33" count="16200" type="stmt"/>
      <line num="34" count="16200" type="stmt"/>
      <line num="35" count="6480" type="stmt"/>
      <line num="36" count="6480" type="stmt"/>
      <line num="37" count="6480" type="stmt"/>
      <line num="38" count="1080" type="stmt"/>
      <line num="39" count="180" type="stmt"/>
      <line num="40" count="30" type="stmt"/>
      <line num="41" count="5" type="stmt"/>
      <line num="42" count="5" type="stmt"/>
      <line num="43" count="1" type="cond" truecount="1" falsecount="0"/>
      <line num="44" count="3" type="cond" truecount="1" falsecount="0"/>
      <line num="45" count="5184" type="stmt"/>
      <line num="46" count="5184" type="stmt"/>
      <line num="47" count="3" type="stmt"/>
      <line num="48" count="3" type="stmt"/>
      <line num="49" count="1" type="cond" truecount="1" falsecount="0"/>
      <line num="50" count="5185" type="stmt"/>
      <line num="51" count="5185" type="cond" truecount="1" falsecount="0"/>
      <line num="52" count="51843" type="stmt"/>
      <line num="53" count="51843" type="stmt"/>
      <line num="54" count="5185" type="stmt"/>
      <line num="55" count="5185" type="stmt"/>
      <line num="56" count="1" type="stmt"/>
      <line num="57" count="1" type="stmt"/>
      <line num="58" count="1" type="stmt"/>
    </file>
  </project>
</coverage>
