<?xml version="1.0" encoding="UTF-8"?>
<coverage generated="1659451914038" clover="3.2.0">
  <project timestamp="1659451914038" name="All files">
    <metrics statements="49" coveredstatements="49" conditionals="14" coveredconditionals="14" methods="6" coveredmethods="6" elements="69" coveredelements="69" complexity="0" loc="49" ncloc="49" packages="1" files="1" classes="1"/>
    <file name="Wardrobe.js" path="C:\Users\Patrick\DEV\2_JavaScript\2_dev_perso\38-kata-TDD\37-configure-your-own-wardrobe-kata\kata\Wardrobe.js">
      <metrics statements="49" coveredstatements="49" conditionals="14" coveredconditionals="14" methods="6" coveredmethods="6"/>
      <line num="1" count="1" type="stmt"/>
      <line num="2" count="1" type="cond" truecount="1" falsecount="0"/>
      <line num="3" count="1" type="stmt"/>
      <line num="4" count="1" type="cond" truecount="1" falsecount="0"/>
      <line num="5" count="1" type="stmt"/>
      <line num="6" count="1" type="stmt"/>
      <line num="7" count="1" type="cond" truecount="1" falsecount="0"/>
      <line num="8" count="1" type="stmt"/>
      <line num="9" count="1" type="stmt"/>
      <line num="10" count="1" type="stmt"/>
      <line num="11" count="1" type="stmt"/>
      <line num="12" count="1" type="cond" truecount="1" falsecount="0"/>
      <line num="13" count="1" type="stmt"/>
      <line num="14" count="1" type="stmt"/>
      <line num="15" count="1" type="cond" truecount="1" falsecount="0"/>
      <line num="16" count="3" type="stmt"/>
      <line num="17" count="3" type="cond" truecount="1" falsecount="0"/>
      <line num="18" count="18" type="cond" truecount="1" falsecount="0"/>
      <line num="19" count="108" type="cond" truecount="1" falsecount="0"/>
      <line num="20" count="648" type="cond" truecount="1" falsecount="0"/>
      <line num="21" count="3888" type="stmt"/>
      <line num="22" count="3888" type="cond" truecount="1" falsecount="0"/>
      <line num="23" count="9720" type="stmt"/>
      <line num="24" count="9720" type="stmt"/>
      <line num="25" count="3888" type="cond" truecount="1" falsecount="0"/>
      <line num="26" count="9720" type="stmt"/>
      <line num="27" count="9720" type="stmt"/>
      <line num="28" count="3888" type="cond" truecount="1" falsecount="0"/>
      <line num="29" count="9720" type="stmt"/>
      <line num="30" count="9720" type="stmt"/>
      <line num="31" count="3888" type="cond" truecount="1" falsecount="0"/>
      <line num="32" count="9720" type="stmt"/>
      <line num="33" count="9720" type="stmt"/>
      <line num="34" count="3888" type="stmt"/>
      <line num="35" count="3888" type="stmt"/>
      <line num="36" count="3888" type="stmt"/>
      <line num="37" count="648" type="stmt"/>
      <line num="38" count="108" type="stmt"/>
      <line num="39" count="18" type="stmt"/>
      <line num="40" count="3" type="stmt"/>
      <line num="41" count="3" type="stmt"/>
      <line num="42" count="3" type="stmt"/>
      <line num="43" count="1" type="cond" truecount="1" falsecount="0"/>
      <line num="44" count="1" type="stmt"/>
      <line num="45" count="1" type="stmt"/>
      <line num="46" count="1" type="stmt"/>
      <line num="47" count="1" type="stmt"/>
      <line num="48" count="1" type="stmt"/>
      <line num="49" count="1" type="stmt"/>
    </file>
  </project>
</coverage>
