{"C:\\Users\\Patrick\\DEV\\2_JavaScript\\2_dev_perso\\38-kata-TDD\\37-configure-your-own-wardrobe-kata\\kata\\Wardrobe.js": {"path":"C:\\Users\\Patrick\\DEV\\2_JavaScript\\2_dev_perso\\38-kata-TDD\\37-configure-your-own-wardrobe-kata\\kata\\Wardrobe.js","all":false,"statementMap":{"0":{"start":{"line":1,"column":0},"end":{"line":1,"column":16}},"1":{"start":{"line":2,"column":0},"end":{"line":2,"column":8}},"2":{"start":{"line":3,"column":0},"end":{"line":3,"column":30}},"3":{"start":{"line":4,"column":0},"end":{"line":4,"column":25}},"4":{"start":{"line":5,"column":0},"end":{"line":5,"column":37}},"5":{"start":{"line":6,"column":0},"end":{"line":6,"column":22}},"6":{"start":{"line":7,"column":0},"end":{"line":7,"column":25}},"7":{"start":{"line":8,"column":0},"end":{"line":8,"column":5}},"8":{"start":{"line":9,"column":0},"end":{"line":9,"column":21}},"9":{"start":{"line":10,"column":0},"end":{"line":10,"column":37}},"10":{"start":{"line":11,"column":0},"end":{"line":11,"column":45}},"11":{"start":{"line":12,"column":0},"end":{"line":12,"column":48}},"12":{"start":{"line":13,"column":0},"end":{"line":13,"column":5}},"13":{"start":{"line":14,"column":0},"end":{"line":14,"column":16}},"14":{"start":{"line":15,"column":0},"end":{"line":15,"column":25}},"15":{"start":{"line":16,"column":0},"end":{"line":16,"column":5}},"16":{"start":{"line":17,"column":0},"end":{"line":17,"column":28}},"17":{"start":{"line":18,"column":0},"end":{"line":18,"column":31}},"18":{"start":{"line":19,"column":0},"end":{"line":19,"column":35}},"19":{"start":{"line":20,"column":0},"end":{"line":20,"column":39}},"20":{"start":{"line":21,"column":0},"end":{"line":21,"column":43}},"21":{"start":{"line":22,"column":0},"end":{"line":22,"column":47}},"22":{"start":{"line":23,"column":0},"end":{"line":23,"column":49}},"23":{"start":{"line":24,"column":0},"end":{"line":24,"column":60}},"24":{"start":{"line":25,"column":0},"end":{"line":25,"column":25}},"25":{"start":{"line":26,"column":0},"end":{"line":26,"column":49}},"26":{"start":{"line":27,"column":0},"end":{"line":27,"column":60}},"27":{"start":{"line":28,"column":0},"end":{"line":28,"column":25}},"28":{"start":{"line":29,"column":0},"end":{"line":29,"column":49}},"29":{"start":{"line":30,"column":0},"end":{"line":30,"column":60}},"30":{"start":{"line":31,"column":0},"end":{"line":31,"column":25}},"31":{"start":{"line":32,"column":0},"end":{"line":32,"column":49}},"32":{"start":{"line":33,"column":0},"end":{"line":33,"column":60}},"33":{"start":{"line":34,"column":0},"end":{"line":34,"column":25}},"34":{"start":{"line":35,"column":0},"end":{"line":35,"column":63}},"35":{"start":{"line":36,"column":0},"end":{"line":36,"column":0}},"36":{"start":{"line":37,"column":0},"end":{"line":37,"column":21}},"37":{"start":{"line":38,"column":0},"end":{"line":38,"column":17}},"38":{"start":{"line":39,"column":0},"end":{"line":39,"column":13}},"39":{"start":{"line":40,"column":0},"end":{"line":40,"column":9}},"40":{"start":{"line":41,"column":0},"end":{"line":41,"column":35}},"41":{"start":{"line":42,"column":0},"end":{"line":42,"column":5}},"42":{"start":{"line":43,"column":0},"end":{"line":43,"column":36}},"43":{"start":{"line":44,"column":0},"end":{"line":44,"column":79}},"44":{"start":{"line":45,"column":0},"end":{"line":45,"column":56}},"45":{"start":{"line":46,"column":0},"end":{"line":46,"column":14}},"46":{"start":{"line":47,"column":0},"end":{"line":47,"column":48}},"47":{"start":{"line":48,"column":0},"end":{"line":48,"column":5}},"48":{"start":{"line":49,"column":0},"end":{"line":49,"column":21}},"49":{"start":{"line":50,"column":0},"end":{"line":50,"column":20}},"50":{"start":{"line":51,"column":0},"end":{"line":51,"column":31}},"51":{"start":{"line":52,"column":0},"end":{"line":52,"column":22}},"52":{"start":{"line":53,"column":0},"end":{"line":53,"column":15}},"53":{"start":{"line":54,"column":0},"end":{"line":54,"column":19}},"54":{"start":{"line":55,"column":0},"end":{"line":55,"column":7}},"55":{"start":{"line":56,"column":0},"end":{"line":56,"column":1}},"56":{"start":{"line":57,"column":0},"end":{"line":57,"column":0}},"57":{"start":{"line":58,"column":0},"end":{"line":58,"column":26}}},"s":{"0":1,"1":1,"2":1,"3":1,"4":1,"5":1,"6":1,"7":1,"8":1,"9":2,"10":2,"11":2,"12":2,"13":1,"14":1,"15":1,"16":1,"17":5,"18":30,"19":180,"20":1080,"21":6480,"22":6480,"23":16200,"24":16200,"25":6480,"26":16200,"27":16200,"28":6480,"29":16200,"30":16200,"31":6480,"32":16200,"33":16200,"34":6480,"35":6480,"36":6480,"37":1080,"38":180,"39":30,"40":5,"41":5,"42":1,"43":3,"44":5184,"45":5184,"46":3,"47":3,"48":1,"49":5185,"50":5185,"51":51843,"52":51843,"53":5185,"54":5185,"55":1,"56":1,"57":1},"branchMap":{"0":{"type":"branch","line":2,"loc":{"start":{"line":2,"column":4},"end":{"line":5,"column":37}},"locations":[{"start":{"line":2,"column":4},"end":{"line":5,"column":37}}]},"1":{"type":"branch","line":6,"loc":{"start":{"line":6,"column":4},"end":{"line":8,"column":5}},"locations":[{"start":{"line":6,"column":4},"end":{"line":8,"column":5}}]},"2":{"type":"branch","line":9,"loc":{"start":{"line":9,"column":4},"end":{"line":13,"column":5}},"locations":[{"start":{"line":9,"column":4},"end":{"line":13,"column":5}}]},"3":{"type":"branch","line":14,"loc":{"start":{"line":14,"column":4},"end":{"line":16,"column":5}},"locations":[{"start":{"line":14,"column":4},"end":{"line":16,"column":5}}]},"4":{"type":"branch","line":17,"loc":{"start":{"line":17,"column":4},"end":{"line":42,"column":5}},"locations":[{"start":{"line":17,"column":4},"end":{"line":42,"column":5}}]},"5":{"type":"branch","line":18,"loc":{"start":{"line":18,"column":30},"end":{"line":40,"column":9}},"locations":[{"start":{"line":18,"column":30},"end":{"line":40,"column":9}}]},"6":{"type":"branch","line":19,"loc":{"start":{"line":19,"column":34},"end":{"line":39,"column":13}},"locations":[{"start":{"line":19,"column":34},"end":{"line":39,"column":13}}]},"7":{"type":"branch","line":20,"loc":{"start":{"line":20,"column":38},"end":{"line":38,"column":17}},"locations":[{"start":{"line":20,"column":38},"end":{"line":38,"column":17}}]},"8":{"type":"branch","line":21,"loc":{"start":{"line":21,"column":42},"end":{"line":37,"column":21}},"locations":[{"start":{"line":21,"column":42},"end":{"line":37,"column":21}}]},"9":{"type":"branch","line":23,"loc":{"start":{"line":23,"column":48},"end":{"line":25,"column":25}},"locations":[{"start":{"line":23,"column":48},"end":{"line":25,"column":25}}]},"10":{"type":"branch","line":26,"loc":{"start":{"line":26,"column":48},"end":{"line":28,"column":25}},"locations":[{"start":{"line":26,"column":48},"end":{"line":28,"column":25}}]},"11":{"type":"branch","line":29,"loc":{"start":{"line":29,"column":48},"end":{"line":31,"column":25}},"locations":[{"start":{"line":29,"column":48},"end":{"line":31,"column":25}}]},"12":{"type":"branch","line":32,"loc":{"start":{"line":32,"column":48},"end":{"line":34,"column":25}},"locations":[{"start":{"line":32,"column":48},"end":{"line":34,"column":25}}]},"13":{"type":"branch","line":43,"loc":{"start":{"line":43,"column":4},"end":{"line":48,"column":5}},"locations":[{"start":{"line":43,"column":4},"end":{"line":48,"column":5}}]},"14":{"type":"branch","line":44,"loc":{"start":{"line":44,"column":71},"end":{"line":46,"column":14}},"locations":[{"start":{"line":44,"column":71},"end":{"line":46,"column":14}}]},"15":{"type":"branch","line":49,"loc":{"start":{"line":49,"column":4},"end":{"line":55,"column":7}},"locations":[{"start":{"line":49,"column":4},"end":{"line":55,"column":7}}]},"16":{"type":"branch","line":51,"loc":{"start":{"line":51,"column":22},"end":{"line":53,"column":15}},"locations":[{"start":{"line":51,"column":22},"end":{"line":53,"column":15}}]}},"b":{"0":[1],"1":[1],"2":[2],"3":[1],"4":[5],"5":[30],"6":[180],"7":[1080],"8":[6480],"9":[16200],"10":[16200],"11":[16200],"12":[16200],"13":[3],"14":[5184],"15":[5185],"16":[51843]},"fnMap":{"0":{"name":"<instance_members_initializer>","decl":{"start":{"line":2,"column":4},"end":{"line":5,"column":37}},"loc":{"start":{"line":2,"column":4},"end":{"line":5,"column":37}},"line":2},"1":{"name":"Wardrobe","decl":{"start":{"line":6,"column":4},"end":{"line":8,"column":5}},"loc":{"start":{"line":6,"column":4},"end":{"line":8,"column":5}},"line":6},"2":{"name":"combinationsOK","decl":{"start":{"line":9,"column":4},"end":{"line":13,"column":5}},"loc":{"start":{"line":9,"column":4},"end":{"line":13,"column":5}},"line":9},"3":{"name":"wallValue","decl":{"start":{"line":14,"column":4},"end":{"line":16,"column":5}},"loc":{"start":{"line":14,"column":4},"end":{"line":16,"column":5}},"line":14},"4":{"name":"calculAllCombinations","decl":{"start":{"line":17,"column":4},"end":{"line":42,"column":5}},"loc":{"start":{"line":17,"column":4},"end":{"line":42,"column":5}},"line":17},"5":{"name":"calculCombinationSumMatchWall","decl":{"start":{"line":43,"column":4},"end":{"line":48,"column":5}},"loc":{"start":{"line":43,"column":4},"end":{"line":48,"column":5}},"line":43},"6":{"name":"sumArray","decl":{"start":{"line":49,"column":4},"end":{"line":55,"column":7}},"loc":{"start":{"line":49,"column":4},"end":{"line":55,"column":7}},"line":49}},"f":{"0":1,"1":1,"2":2,"3":1,"4":5,"5":3,"6":5185}}
}
