{"C:\\Users\\Patrick\\DEV\\2_JavaScript\\2_dev_perso\\38-kata-TDD\\37-configure-your-own-wardrobe-kata\\kata\\Wardrobe.js": {"path":"C:\\Users\\Patrick\\DEV\\2_JavaScript\\2_dev_perso\\38-kata-TDD\\37-configure-your-own-wardrobe-kata\\kata\\Wardrobe.js","all":false,"statementMap":{"0":{"start":{"line":1,"column":0},"end":{"line":1,"column":16}},"1":{"start":{"line":2,"column":0},"end":{"line":2,"column":8}},"2":{"start":{"line":3,"column":0},"end":{"line":3,"column":30}},"3":{"start":{"line":4,"column":0},"end":{"line":4,"column":22}},"4":{"start":{"line":5,"column":0},"end":{"line":5,"column":25}},"5":{"start":{"line":6,"column":0},"end":{"line":6,"column":5}},"6":{"start":{"line":7,"column":0},"end":{"line":7,"column":21}},"7":{"start":{"line":8,"column":0},"end":{"line":8,"column":41}},"8":{"start":{"line":9,"column":0},"end":{"line":9,"column":21}},"9":{"start":{"line":10,"column":0},"end":{"line":10,"column":34}},"10":{"start":{"line":11,"column":0},"end":{"line":11,"column":5}},"11":{"start":{"line":12,"column":0},"end":{"line":12,"column":16}},"12":{"start":{"line":13,"column":0},"end":{"line":13,"column":25}},"13":{"start":{"line":14,"column":0},"end":{"line":14,"column":5}},"14":{"start":{"line":15,"column":0},"end":{"line":15,"column":28}},"15":{"start":{"line":16,"column":0},"end":{"line":16,"column":35}},"16":{"start":{"line":17,"column":0},"end":{"line":17,"column":31}},"17":{"start":{"line":18,"column":0},"end":{"line":18,"column":35}},"18":{"start":{"line":19,"column":0},"end":{"line":19,"column":39}},"19":{"start":{"line":20,"column":0},"end":{"line":20,"column":43}},"20":{"start":{"line":21,"column":0},"end":{"line":21,"column":47}},"21":{"start":{"line":22,"column":0},"end":{"line":22,"column":49}},"22":{"start":{"line":23,"column":0},"end":{"line":23,"column":60}},"23":{"start":{"line":24,"column":0},"end":{"line":24,"column":25}},"24":{"start":{"line":25,"column":0},"end":{"line":25,"column":49}},"25":{"start":{"line":26,"column":0},"end":{"line":26,"column":60}},"26":{"start":{"line":27,"column":0},"end":{"line":27,"column":25}},"27":{"start":{"line":28,"column":0},"end":{"line":28,"column":49}},"28":{"start":{"line":29,"column":0},"end":{"line":29,"column":60}},"29":{"start":{"line":30,"column":0},"end":{"line":30,"column":25}},"30":{"start":{"line":31,"column":0},"end":{"line":31,"column":49}},"31":{"start":{"line":32,"column":0},"end":{"line":32,"column":60}},"32":{"start":{"line":33,"column":0},"end":{"line":33,"column":25}},"33":{"start":{"line":34,"column":0},"end":{"line":34,"column":59}},"34":{"start":{"line":35,"column":0},"end":{"line":35,"column":0}},"35":{"start":{"line":36,"column":0},"end":{"line":36,"column":21}},"36":{"start":{"line":37,"column":0},"end":{"line":37,"column":17}},"37":{"start":{"line":38,"column":0},"end":{"line":38,"column":13}},"38":{"start":{"line":39,"column":0},"end":{"line":39,"column":9}},"39":{"start":{"line":40,"column":0},"end":{"line":40,"column":72}},"40":{"start":{"line":41,"column":0},"end":{"line":41,"column":31}},"41":{"start":{"line":42,"column":0},"end":{"line":42,"column":5}},"42":{"start":{"line":43,"column":0},"end":{"line":43,"column":33}},"43":{"start":{"line":44,"column":0},"end":{"line":44,"column":63}},"44":{"start":{"line":45,"column":0},"end":{"line":45,"column":34}},"45":{"start":{"line":46,"column":0},"end":{"line":46,"column":5}},"46":{"start":{"line":47,"column":0},"end":{"line":47,"column":1}},"47":{"start":{"line":48,"column":0},"end":{"line":48,"column":0}},"48":{"start":{"line":49,"column":0},"end":{"line":49,"column":26}}},"s":{"0":1,"1":1,"2":1,"3":1,"4":1,"5":1,"6":1,"7":1,"8":1,"9":1,"10":1,"11":1,"12":1,"13":1,"14":1,"15":3,"16":3,"17":18,"18":108,"19":648,"20":3888,"21":3888,"22":9720,"23":9720,"24":3888,"25":9720,"26":9720,"27":3888,"28":9720,"29":9720,"30":3888,"31":9720,"32":9720,"33":3888,"34":3888,"35":3888,"36":648,"37":108,"38":18,"39":3,"40":3,"41":3,"42":1,"43":1,"44":1,"45":1,"46":1,"47":1,"48":1},"branchMap":{"0":{"type":"branch","line":2,"loc":{"start":{"line":2,"column":4},"end":{"line":3,"column":13}},"locations":[{"start":{"line":2,"column":4},"end":{"line":3,"column":13}}]},"1":{"type":"branch","line":4,"loc":{"start":{"line":4,"column":4},"end":{"line":6,"column":5}},"locations":[{"start":{"line":4,"column":4},"end":{"line":6,"column":5}}]},"2":{"type":"branch","line":7,"loc":{"start":{"line":7,"column":4},"end":{"line":11,"column":5}},"locations":[{"start":{"line":7,"column":4},"end":{"line":11,"column":5}}]},"3":{"type":"branch","line":12,"loc":{"start":{"line":12,"column":4},"end":{"line":14,"column":5}},"locations":[{"start":{"line":12,"column":4},"end":{"line":14,"column":5}}]},"4":{"type":"branch","line":15,"loc":{"start":{"line":15,"column":4},"end":{"line":42,"column":5}},"locations":[{"start":{"line":15,"column":4},"end":{"line":42,"column":5}}]},"5":{"type":"branch","line":17,"loc":{"start":{"line":17,"column":30},"end":{"line":39,"column":9}},"locations":[{"start":{"line":17,"column":30},"end":{"line":39,"column":9}}]},"6":{"type":"branch","line":18,"loc":{"start":{"line":18,"column":34},"end":{"line":38,"column":13}},"locations":[{"start":{"line":18,"column":34},"end":{"line":38,"column":13}}]},"7":{"type":"branch","line":19,"loc":{"start":{"line":19,"column":38},"end":{"line":37,"column":17}},"locations":[{"start":{"line":19,"column":38},"end":{"line":37,"column":17}}]},"8":{"type":"branch","line":20,"loc":{"start":{"line":20,"column":42},"end":{"line":36,"column":21}},"locations":[{"start":{"line":20,"column":42},"end":{"line":36,"column":21}}]},"9":{"type":"branch","line":22,"loc":{"start":{"line":22,"column":48},"end":{"line":24,"column":25}},"locations":[{"start":{"line":22,"column":48},"end":{"line":24,"column":25}}]},"10":{"type":"branch","line":25,"loc":{"start":{"line":25,"column":48},"end":{"line":27,"column":25}},"locations":[{"start":{"line":25,"column":48},"end":{"line":27,"column":25}}]},"11":{"type":"branch","line":28,"loc":{"start":{"line":28,"column":48},"end":{"line":30,"column":25}},"locations":[{"start":{"line":28,"column":48},"end":{"line":30,"column":25}}]},"12":{"type":"branch","line":31,"loc":{"start":{"line":31,"column":48},"end":{"line":33,"column":25}},"locations":[{"start":{"line":31,"column":48},"end":{"line":33,"column":25}}]},"13":{"type":"branch","line":43,"loc":{"start":{"line":43,"column":4},"end":{"line":46,"column":5}},"locations":[{"start":{"line":43,"column":4},"end":{"line":46,"column":5}}]}},"b":{"0":[1],"1":[1],"2":[1],"3":[1],"4":[3],"5":[18],"6":[108],"7":[648],"8":[3888],"9":[9720],"10":[9720],"11":[9720],"12":[9720],"13":[1]},"fnMap":{"0":{"name":"<instance_members_initializer>","decl":{"start":{"line":2,"column":4},"end":{"line":3,"column":13}},"loc":{"start":{"line":2,"column":4},"end":{"line":3,"column":13}},"line":2},"1":{"name":"Wardrobe","decl":{"start":{"line":4,"column":4},"end":{"line":6,"column":5}},"loc":{"start":{"line":4,"column":4},"end":{"line":6,"column":5}},"line":4},"2":{"name":"combinationsOK","decl":{"start":{"line":7,"column":4},"end":{"line":11,"column":5}},"loc":{"start":{"line":7,"column":4},"end":{"line":11,"column":5}},"line":7},"3":{"name":"wallValue","decl":{"start":{"line":12,"column":4},"end":{"line":14,"column":5}},"loc":{"start":{"line":12,"column":4},"end":{"line":14,"column":5}},"line":12},"4":{"name":"calculAllCombinations","decl":{"start":{"line":15,"column":4},"end":{"line":42,"column":5}},"loc":{"start":{"line":15,"column":4},"end":{"line":42,"column":5}},"line":15},"5":{"name":"calculCombinationMatchWall","decl":{"start":{"line":43,"column":4},"end":{"line":46,"column":5}},"loc":{"start":{"line":43,"column":4},"end":{"line":46,"column":5}},"line":43}},"f":{"0":1,"1":1,"2":1,"3":1,"4":3,"5":1}}
}
