TN:
SF:kata\Wardrobe.js
FN:2,<instance_members_initializer>
FN:4,Wardrobe
FN:7,combinationsOK
FN:12,wallValue
FN:15,calculAllCombinations
FN:43,calculCombinationMatchWall
FNF:6
FNH:6
FNDA:1,<instance_members_initializer>
FNDA:1,Wardrobe
FNDA:1,combinationsOK
FNDA:1,wallValue
FNDA:3,calculAllCombinations
FNDA:1,calculCombinationMatchWall
DA:1,1
DA:2,1
DA:3,1
DA:4,1
DA:5,1
DA:6,1
DA:7,1
DA:8,1
DA:9,1
DA:10,1
DA:11,1
DA:12,1
DA:13,1
DA:14,1
DA:15,1
DA:16,3
DA:17,3
DA:18,18
DA:19,108
DA:20,648
DA:21,3888
DA:22,3888
DA:23,9720
DA:24,9720
DA:25,3888
DA:26,9720
DA:27,9720
DA:28,3888
DA:29,9720
DA:30,9720
DA:31,3888
DA:32,9720
DA:33,9720
DA:34,3888
DA:35,3888
DA:36,3888
DA:37,648
DA:38,108
DA:39,18
DA:40,3
DA:41,3
DA:42,3
DA:43,1
DA:44,1
DA:45,1
DA:46,1
DA:47,1
DA:48,1
DA:49,1
LF:49
LH:49
BRDA:2,0,0,1
BRDA:4,1,0,1
BRDA:7,2,0,1
BRDA:12,3,0,1
BRDA:15,4,0,3
BRDA:17,5,0,18
BRDA:18,6,0,108
BRDA:19,7,0,648
BRDA:20,8,0,3888
BRDA:22,9,0,9720
BRDA:25,10,0,9720
BRDA:28,11,0,9720
BRDA:31,12,0,9720
BRDA:43,13,0,1
BRF:14
BRH:14
end_of_record
