TN:
SF:kata\Wardrobe.js
FN:2,<instance_members_initializer>
FN:6,Wardrobe
FN:9,combinationsOK
FN:14,wallValue
FN:17,calculAllCombinations
FN:43,calculCombinationSumMatchWall
FN:49,sumArray
FNF:7
FNH:7
FNDA:1,<instance_members_initializer>
FNDA:1,Wardrobe
FNDA:2,combinationsOK
FNDA:1,wallValue
FNDA:5,calculAllCombinations
FNDA:3,calculCombinationSumMatchWall
FNDA:5185,sumArray
DA:1,1
DA:2,1
DA:3,1
DA:4,1
DA:5,1
DA:6,1
DA:7,1
DA:8,1
DA:9,1
DA:10,2
DA:11,2
DA:12,2
DA:13,2
DA:14,1
DA:15,1
DA:16,1
DA:17,1
DA:18,5
DA:19,30
DA:20,180
DA:21,1080
DA:22,6480
DA:23,6480
DA:24,16200
DA:25,16200
DA:26,6480
DA:27,16200
DA:28,16200
DA:29,6480
DA:30,16200
DA:31,16200
DA:32,6480
DA:33,16200
DA:34,16200
DA:35,6480
DA:36,6480
DA:37,6480
DA:38,1080
DA:39,180
DA:40,30
DA:41,5
DA:42,5
DA:43,1
DA:44,3
DA:45,5184
DA:46,5184
DA:47,3
DA:48,3
DA:49,1
DA:50,5185
DA:51,5185
DA:52,51843
DA:53,51843
DA:54,5185
DA:55,5185
DA:56,1
DA:57,1
DA:58,1
LF:58
LH:58
BRDA:2,0,0,1
BRDA:6,1,0,1
BRDA:9,2,0,2
BRDA:14,3,0,1
BRDA:17,4,0,5
BRDA:18,5,0,30
BRDA:19,6,0,180
BRDA:20,7,0,1080
BRDA:21,8,0,6480
BRDA:23,9,0,16200
BRDA:26,10,0,16200
BRDA:29,11,0,16200
BRDA:32,12,0,16200
BRDA:43,13,0,3
BRDA:44,14,0,5184
BRDA:49,15,0,5185
BRDA:51,16,0,51843
BRF:17
BRH:17
end_of_record
